Jul 25, 2021 at 10:30 AM
강대연, dan.kang04@gmail.com, (510) 996-8575, 10:44:34
김경진B, sunshine.kck@gmail.com, (650) 793-2079, 10:44:34
김범진, jinichris@gmail.com, (408) 687-9525, 10:44:34
김인영, iyhoyin@gmail.com, (408) 824-4817, 10:44:34
김정신, jeongshink@gmail.com, (408) 687-5308, 10:44:34
김제찬, jechank@gmail.com, (408) 813-7569, 10:44:34
김종필, chongpilkim@gmail.com, (408) 655-4816, 10:44:34
신정환 간사, jhs57454@gmail.com, (650) 289-8862, 10:44:34
엄태호, lifewell@gmail.com, (650) 208-5251, 10:44:34
오명렬, myeong_oh@hotmail.com, (650) 400-4440, 10:44:34
오진형, dbljin2@gmail.com, (770) 833-9771, 10:44:34
우병기, byungki.woo@gmail.com, (408) 836-0117, 10:44:34
유정혜, lollipop1020@gmail.com, (925) 200-8079, 10:44:34
유현석, hs7yoo@gmail.com, (650) 810-6577, 10:44:34
윤정희, yunsfamily@yahoo.com, (510) 673-5459, 10:44:34
이수지, imkis11@hanmail.net, (408) 781-0046, 10:44:34
이종상, jongsang.lee1@gmail.com, (408) 655-0185, 10:44:34
이평우, dennis2.lee@gmail.com, (408) 768-8582, 10:44:34
임윤희, dbsgml1029@gmail.com, (408) 747-7632, 10:44:34
정규화 장로, khjeongin@gmail.com, (408) 824-4703, 10:44:34
정정수, jeongsu87@gmail.com, (408) 613-5347, 10:44:34
최인화, ichoi2345@gmail.com, (408) 592-6821, 10:44:34
최철수 장로, cheolsoochoi@gmail.com, (408) 202-3222, 10:44:34
김혜경A 전도사, haekyungkim@kepc.org, (408) 309-2958, 10:44:34
이에스더 전도사, estherlee@kepc.org, (408) 205-5184, 10:44:34
이승진 전도사, seungjinlee@kepc.org, (408) 316-8031, 10:44:34
이수복 목사, sooboklee@kepc.org, (408) 891-0454, 10:44:34
서경의 전도사, kyunguisuh@kepc.org, (650) 714-6090, 10:44:34
박성호 목사, sunghopark@kepc.org, (408) 908-8762, 10:44:34
김인환B 목사, inhwankim@kepc.org, (415) 419-6322, 10:44:34
박기한 목사, kihanpark@kepc.org, (415) 450-5824, 10:44:34
조종연 목사, josephcho@kepc.org, (408) 568-2266, 10:44:34
이산돌 목사, sandollee@kepc.org, (408) 402-1237, 10:44:34
송호영 전도사, dereksong@kepc.org, (408) 316-2558, 10:44:34
김승균 목사, seungkim@kepc.org, (831) 236-1415, 10:44:34
Tiffany Lim 전도사, tiffanylim@kepc.org, (646) 354-8971, 10:44:34
Sean Kim 전도사, seankim@epcsj.org, (510) 579-0192, 10:44:34
이정수 장로, jungsree@gmail.com, (408) 781-0984, 10:44:34
장홍 장로, noahads@gmail.com, (408) 318-3326, 10:44:34
이종기, jongkylee@gmail.com, (408) 315-1235, 10:44:34
안은선, ko58482@gmail.com, (408) 483-4883, 10:44:34
탁정업, jutahk@gmail.com, (408) 506-4370, 10:44:34
동경미, dong.kathleen@gmail.com, (408) 881-2475, 10:44:34
김광석, k.kwan@yahoo.com, (408) 307-0119, 10:44:34
임용훈, yhlim806@gmail.com, (408) 499-2252, 10:44:34
Jihye Park, jihyecpark@gmail.com, (650) 930-6954, 10:44:34
성경하, kyunghas@yahoo.com, (408)908-8760, 10:44:34
박찬우 장로, cwpark5890@gmail.com, , 10:44:34
장은규 장로, ekjang@yahoo.com, , 10:44:34
박준희 장로, johntelecom@yahoo.com, , 10:44:34
이상은A 집사, sangeun.lee@epcsj.org, , 10:44:34
최상훈 장로, choisanghoon@gmail.com, , 10:44:34
전광수 장로, kenc1011@gmail.com, , 10:44:34
김흥규 장로, heungkimus@gmail.com, , 10:44:34
고정훈 장로, mrjohnhkoh@gmail.com, , 10:44:34
박용갑 장로, yongpark210@gmail.com, , 10:44:34
백준호 장로, Paul_baek@yahoo.com, , 10:44:34
민경진 장로, jinmin@gtleader.com, , 10:44:34
황의철 장로, charhwang@hotmail.com, , 10:44:34
서윤원 장로, ywsuh@hotmail.com, , 10:44:34
김태영 장로, tae.kim78@gmail.com, , 10:44:34
김현준 장로, edenlm9085@yahoo.com, , 10:44:34
김부웅 장로, buungkim@gmail.com, , 10:44:34
한준수 장로, thumbsuphan@yahoo.com, , 10:44:34
위현량 장로, jamesweecpa@att.net, , 10:44:34
이태업 장로, ltedoc@gmail.com, , 10:44:34
김기홍 장로, joshuakh@gmail.com, , 10:44:34
김성국 장로, sungkkim918@gmail.com, , 10:44:34
이강민 장로, kml2020@gmail.com, , 10:44:34
윤정기 장로, vinebranchy@gmail.com, , 10:44:34
